20:05:37 [INFO] Application starting...
20:05:37 [INFO] Loading song from ../../sample_song/song.daw.json
20:05:37 [INFO] Setting save path to: ../../sample_song/song.daw.json
20:05:37 [INFO] Loaded notes: {
    40: [
        Note {
            pitch: Pitch {
                tone: E,
                octave: 4,
            },
            onset_b32: 40,
            duration_b32: 8,
        },
    ],
    2: [
        Note {
            pitch: Pitch {
                tone: Cs,
                octave: 4,
            },
            onset_b32: 2,
            duration_b32: 2,
        },
    ],
    14: [
        Note {
            pitch: Pitch {
                tone: B,
                octave: 3,
            },
            onset_b32: 14,
            duration_b32: 2,
        },
    ],
    8: [
        Note {
            pitch: Pitch {
                tone: D,
                octave: 4,
            },
            onset_b32: 8,
            duration_b32: 8,
        },
        Note {
            pitch: Pitch {
                tone: D,
                octave: 4,
            },
            onset_b32: 8,
            duration_b32: 2,
        },
        Note {
            pitch: Pitch {
                tone: B,
                octave: 3,
            },
            onset_b32: 8,
            duration_b32: 6,
        },
        Note {
            pitch: Pitch {
                tone: B,
                octave: 3,
            },
            onset_b32: 8,
            duration_b32: 2,
        },
    ],
    80: [
        Note {
            pitch: Pitch {
                tone: D,
                octave: 4,
            },
            onset_b32: 80,
            duration_b32: 8,
        },
    ],
    16: [
        Note {
            pitch: Pitch {
                tone: C,
                octave: 4,
            },
            onset_b32: 16,
            duration_b32: 8,
        },
    ],
    48: [
        Note {
            pitch: Pitch {
                tone: E,
                octave: 4,
            },
            onset_b32: 48,
            duration_b32: 8,
        },
    ],
    10: [
        Note {
            pitch: Pitch {
                tone: B,
                octave: 3,
            },
            onset_b32: 10,
            duration_b32: 2,
        },
    ],
    32: [
        Note {
            pitch: Pitch {
                tone: E,
                octave: 4,
            },
            onset_b32: 32,
            duration_b32: 8,
        },
    ],
    112: [
        Note {
            pitch: Pitch {
                tone: G,
                octave: 4,
            },
            onset_b32: 112,
            duration_b32: 8,
        },
    ],
    4: [
        Note {
            pitch: Pitch {
                tone: Cs,
                octave: 4,
            },
            onset_b32: 4,
            duration_b32: 2,
        },
    ],
    24: [
        Note {
            pitch: Pitch {
                tone: D,
                octave: 4,
            },
            onset_b32: 24,
            duration_b32: 8,
        },
    ],
    96: [
        Note {
            pitch: Pitch {
                tone: E,
                octave: 4,
            },
            onset_b32: 96,
            duration_b32: 8,
        },
    ],
    0: [
        Note {
            pitch: Pitch {
                tone: E,
                octave: 4,
            },
            onset_b32: 0,
            duration_b32: 8,
        },
        Note {
            pitch: Pitch {
                tone: Cs,
                octave: 4,
            },
            onset_b32: 0,
            duration_b32: 4,
        },
    ],
    72: [
        Note {
            pitch: Pitch {
                tone: D,
                octave: 4,
            },
            onset_b32: 72,
            duration_b32: 8,
        },
    ],
    64: [
        Note {
            pitch: Pitch {
                tone: D,
                octave: 4,
            },
            onset_b32: 64,
            duration_b32: 8,
        },
    ],
    104: [
        Note {
            pitch: Pitch {
                tone: G,
                octave: 4,
            },
            onset_b32: 104,
            duration_b32: 8,
        },
    ],
}
20:05:37 [INFO] Successfully loaded song from ../../sample_song/song.daw.json
20:05:37 [DEBUG] (1) dawww_ui::draw_components::score_draw_component: Drawing score at position: x=1, y=1, w=132, h=14
20:05:37 [DEBUG] (1) dawww_ui::draw_components::score_draw_component: Drawing score with 12 visible pitches
20:05:38 [DEBUG] (1) dawww_ui::draw_components::score_draw_component: Drawing score at position: x=1, y=1, w=132, h=14
20:05:38 [DEBUG] (1) dawww_ui::draw_components::score_draw_component: Drawing score with 12 visible pitches
20:05:38 [DEBUG] (1) dawww_ui::draw_components::score_draw_component: Drawing score at position: x=1, y=1, w=132, h=14
20:05:38 [DEBUG] (1) dawww_ui::draw_components::score_draw_component: Drawing score with 12 visible pitches
20:05:38 [DEBUG] (1) dawww_ui::draw_components::score_draw_component: Drawing score at position: x=1, y=1, w=132, h=14
20:05:38 [DEBUG] (1) dawww_ui::draw_components::score_draw_component: Drawing score with 12 visible pitches
20:05:39 [DEBUG] (1) dawww_ui::draw_components::score_draw_component: Drawing score at position: x=1, y=1, w=132, h=14
20:05:39 [DEBUG] (1) dawww_ui::draw_components::score_draw_component: Drawing score with 12 visible pitches
20:05:39 [DEBUG] (1) dawww_ui::draw_components::score_draw_component: Drawing score at position: x=1, y=1, w=132, h=14
20:05:39 [DEBUG] (1) dawww_ui::draw_components::score_draw_component: Drawing score with 12 visible pitches
20:05:39 [DEBUG] (1) dawww_ui::draw_components::score_draw_component: Drawing score at position: x=1, y=1, w=132, h=14
20:05:39 [DEBUG] (1) dawww_ui::draw_components::score_draw_component: Drawing score with 12 visible pitches
20:05:40 [DEBUG] (1) dawww_ui::draw_components::score_draw_component: Drawing score at position: x=1, y=1, w=132, h=14
20:05:40 [DEBUG] (1) dawww_ui::draw_components::score_draw_component: Drawing score with 12 visible pitches
20:05:40 [DEBUG] (1) dawww_ui::draw_components::score_draw_component: Drawing score at position: x=1, y=1, w=132, h=14
20:05:40 [DEBUG] (1) dawww_ui::draw_components::score_draw_component: Drawing score with 12 visible pitches
20:05:41 [DEBUG] (1) dawww_ui::draw_components::score_draw_component: Drawing score at position: x=1, y=1, w=132, h=14
20:05:41 [DEBUG] (1) dawww_ui::draw_components::score_draw_component: Drawing score with 12 visible pitches
20:05:41 [DEBUG] (1) dawww_ui::draw_components::score_draw_component: Drawing score at position: x=1, y=1, w=132, h=14
20:05:41 [DEBUG] (1) dawww_ui::draw_components::score_draw_component: Drawing score with 12 visible pitches
20:05:42 [DEBUG] (1) dawww_ui::draw_components::score_draw_component: Drawing score at position: x=1, y=1, w=132, h=14
20:05:42 [DEBUG] (1) dawww_ui::draw_components::score_draw_component: Drawing score with 12 visible pitches
20:05:42 [DEBUG] (1) dawww_ui::draw_components::score_draw_component: Drawing score at position: x=1, y=1, w=132, h=14
20:05:42 [DEBUG] (1) dawww_ui::draw_components::score_draw_component: Drawing score with 12 visible pitches
20:05:42 [DEBUG] (1) dawww_ui::draw_components::score_draw_component: Drawing score at position: x=1, y=1, w=132, h=14
20:05:42 [DEBUG] (1) dawww_ui::draw_components::score_draw_component: Drawing score with 12 visible pitches
20:05:43 [DEBUG] (1) dawww_ui::draw_components::score_draw_component: Drawing score at position: x=1, y=1, w=132, h=14
20:05:43 [DEBUG] (1) dawww_ui::draw_components::score_draw_component: Drawing score with 12 visible pitches
20:05:43 [DEBUG] (1) dawww_ui::draw_components::score_draw_component: Drawing score at position: x=1, y=1, w=132, h=14
20:05:43 [DEBUG] (1) dawww_ui::draw_components::score_draw_component: Drawing score with 12 visible pitches
20:05:43 [DEBUG] (1) dawww_ui::draw_components::score_draw_component: Drawing score at position: x=1, y=1, w=132, h=14
20:05:43 [DEBUG] (1) dawww_ui::draw_components::score_draw_component: Drawing score with 12 visible pitches
